2024-05-07 19:19:55,982 [Worker-2: Loading available Gradle versions] INFO  o.e.b.c.i.u.g.PublishedGradleVersions - Gradle version information cache is up-to-date. Trying to read.
2024-05-07 19:20:31,536 [Worker-7: Importing Maven projects] INFO  o.e.m.c.i.l.LifecycleMappingFactory - Using org.eclipse.m2e.jdt.JarLifecycleMapping lifecycle mapping for MavenProject: com.library.system:NotificationService:0.0.1-SNAPSHOT @ D:\onlin-library-system\OLS-backend\NotificationService\pom.xml.
2024-05-07 19:20:33,408 [Worker-7: Importing Maven projects] INFO  o.e.m.j.i.AbstractJavaProjectConfigurator - Adding source folder /NotificationService/src/main/java
2024-05-07 19:20:33,410 [Worker-7: Importing Maven projects] INFO  o.e.m.j.i.AbstractJavaProjectConfigurator - Adding resource folder /NotificationService/src/main/resources
2024-05-07 19:20:33,417 [Worker-7: Importing Maven projects] INFO  o.e.m.j.i.AbstractJavaProjectConfigurator - Adding resource folder /NotificationService/src/main/resources
2024-05-07 19:20:33,424 [Worker-7: Importing Maven projects] INFO  o.e.m.j.i.AbstractJavaProjectConfigurator - Adding source folder /NotificationService/src/test/java
2024-05-07 19:20:33,426 [Worker-7: Importing Maven projects] INFO  o.e.m.j.i.AbstractJavaProjectConfigurator - Adding resource folder /NotificationService/src/test/resources
2024-05-07 19:20:34,234 [Worker-7: Importing Maven projects] INFO  o.e.m.c.i.p.ProjectConfigurationManager - Imported and configured 1 project(s) in 4 sec
2024-05-07 19:20:35,804 [Worker-3: Building] INFO  o.a.m.s.f.DefaultMavenResourcesFiltering - Copying 1 resource from src\main\resources to target\classes
2024-05-07 19:20:35,827 [Worker-3: Building] INFO  o.a.m.s.f.DefaultMavenResourcesFiltering - Copying 0 resource from src\main\resources to target\classes
2024-05-07 19:20:35,838 [Worker-3: Building] INFO  o.a.m.s.f.DefaultMavenResourcesFiltering - skip non existing resourceDirectory D:\onlin-library-system\OLS-backend\NotificationService\src\test\resources
2024-05-07 19:21:10,375 [Worker-8: Launching Executing clean in D__onlin-library-system_OLS-backend_NotificationService] INFO  o.eclipse.m2e.core.internal.Bundles - getClasspathEntries(Bundle=org.eclipse.m2e.maven.runtime_3.9.600.20231203-1234 [354])
2024-05-07 19:21:10,376 [Worker-8: Launching Executing clean in D__onlin-library-system_OLS-backend_NotificationService] INFO  o.eclipse.m2e.core.internal.Bundles - 	Entry: C:\sts-4.22.0\plugins\org.eclipse.m2e.maven.runtime_3.9.600.20231203-1234
2024-05-07 19:21:10,377 [Worker-8: Launching Executing clean in D__onlin-library-system_OLS-backend_NotificationService] INFO  o.eclipse.m2e.core.internal.Bundles - 	Entry: C:\sts-4.22.0\plugins\org.eclipse.m2e.maven.runtime_3.9.600.20231203-1234\jars\aopalliance-1.0.jar
2024-05-07 19:21:10,377 [Worker-8: Launching Executing clean in D__onlin-library-system_OLS-backend_NotificationService] INFO  o.eclipse.m2e.core.internal.Bundles - 	Entry: C:\sts-4.22.0\plugins\org.eclipse.m2e.maven.runtime_3.9.600.20231203-1234\jars\guice-5.1.0.jar
2024-05-07 19:21:10,377 [Worker-8: Launching Executing clean in D__onlin-library-system_OLS-backend_NotificationService] INFO  o.eclipse.m2e.core.internal.Bundles - 	Entry: C:\sts-4.22.0\plugins\org.eclipse.m2e.maven.runtime_3.9.600.20231203-1234\jars\httpclient-4.5.14.jar
2024-05-07 19:21:10,377 [Worker-8: Launching Executing clean in D__onlin-library-system_OLS-backend_NotificationService] INFO  o.eclipse.m2e.core.internal.Bundles - 	Entry: C:\sts-4.22.0\plugins\org.eclipse.m2e.maven.runtime_3.9.600.20231203-1234\jars\httpcore-4.4.16.jar
2024-05-07 19:21:10,377 [Worker-8: Launching Executing clean in D__onlin-library-system_OLS-backend_NotificationService] INFO  o.eclipse.m2e.core.internal.Bundles - 	Entry: C:\sts-4.22.0\plugins\org.eclipse.m2e.maven.runtime_3.9.600.20231203-1234\jars\jansi-2.4.0.jar
2024-05-07 19:21:10,378 [Worker-8: Launching Executing clean in D__onlin-library-system_OLS-backend_NotificationService] INFO  o.eclipse.m2e.core.internal.Bundles - 	Entry: C:\sts-4.22.0\plugins\org.eclipse.m2e.maven.runtime_3.9.600.20231203-1234\jars\jcl-over-slf4j-1.7.36.jar
2024-05-07 19:21:10,378 [Worker-8: Launching Executing clean in D__onlin-library-system_OLS-backend_NotificationService] INFO  o.eclipse.m2e.core.internal.Bundles - 	Entry: C:\sts-4.22.0\plugins\org.eclipse.m2e.maven.runtime_3.9.600.20231203-1234\jars\maven-artifact-3.9.6.jar
2024-05-07 19:21:10,378 [Worker-8: Launching Executing clean in D__onlin-library-system_OLS-backend_NotificationService] INFO  o.eclipse.m2e.core.internal.Bundles - 	Entry: C:\sts-4.22.0\plugins\org.eclipse.m2e.maven.runtime_3.9.600.20231203-1234\jars\maven-builder-support-3.9.6.jar
2024-05-07 19:21:10,378 [Worker-8: Launching Executing clean in D__onlin-library-system_OLS-backend_NotificationService] INFO  o.eclipse.m2e.core.internal.Bundles - 	Entry: C:\sts-4.22.0\plugins\org.eclipse.m2e.maven.runtime_3.9.600.20231203-1234\jars\maven-compat-3.9.6.jar
2024-05-07 19:21:10,378 [Worker-8: Launching Executing clean in D__onlin-library-system_OLS-backend_NotificationService] INFO  o.eclipse.m2e.core.internal.Bundles - 	Entry: C:\sts-4.22.0\plugins\org.eclipse.m2e.maven.runtime_3.9.600.20231203-1234\jars\maven-core-3.9.6.jar
2024-05-07 19:21:10,379 [Worker-8: Launching Executing clean in D__onlin-library-system_OLS-backend_NotificationService] INFO  o.eclipse.m2e.core.internal.Bundles - 	Entry: C:\sts-4.22.0\plugins\org.eclipse.m2e.maven.runtime_3.9.600.20231203-1234\jars\maven-embedder-3.9.6.jar
2024-05-07 19:21:10,379 [Worker-8: Launching Executing clean in D__onlin-library-system_OLS-backend_NotificationService] INFO  o.eclipse.m2e.core.internal.Bundles - 	Entry: C:\sts-4.22.0\plugins\org.eclipse.m2e.maven.runtime_3.9.600.20231203-1234\jars\maven-model-3.9.6.jar
2024-05-07 19:21:10,379 [Worker-8: Launching Executing clean in D__onlin-library-system_OLS-backend_NotificationService] INFO  o.eclipse.m2e.core.internal.Bundles - 	Entry: C:\sts-4.22.0\plugins\org.eclipse.m2e.maven.runtime_3.9.600.20231203-1234\jars\maven-model-builder-3.9.6.jar
2024-05-07 19:21:10,379 [Worker-8: Launching Executing clean in D__onlin-library-system_OLS-backend_NotificationService] INFO  o.eclipse.m2e.core.internal.Bundles - 	Entry: C:\sts-4.22.0\plugins\org.eclipse.m2e.maven.runtime_3.9.600.20231203-1234\jars\maven-plugin-api-3.9.6.jar
2024-05-07 19:21:10,379 [Worker-8: Launching Executing clean in D__onlin-library-system_OLS-backend_NotificationService] INFO  o.eclipse.m2e.core.internal.Bundles - 	Entry: C:\sts-4.22.0\plugins\org.eclipse.m2e.maven.runtime_3.9.600.20231203-1234\jars\maven-repository-metadata-3.9.6.jar
2024-05-07 19:21:10,380 [Worker-8: Launching Executing clean in D__onlin-library-system_OLS-backend_NotificationService] INFO  o.eclipse.m2e.core.internal.Bundles - 	Entry: C:\sts-4.22.0\plugins\org.eclipse.m2e.maven.runtime_3.9.600.20231203-1234\jars\maven-resolver-api-1.9.18.jar
2024-05-07 19:21:10,380 [Worker-8: Launching Executing clean in D__onlin-library-system_OLS-backend_NotificationService] INFO  o.eclipse.m2e.core.internal.Bundles - 	Entry: C:\sts-4.22.0\plugins\org.eclipse.m2e.maven.runtime_3.9.600.20231203-1234\jars\maven-resolver-connector-basic-1.9.18.jar
2024-05-07 19:21:10,380 [Worker-8: Launching Executing clean in D__onlin-library-system_OLS-backend_NotificationService] INFO  o.eclipse.m2e.core.internal.Bundles - 	Entry: C:\sts-4.22.0\plugins\org.eclipse.m2e.maven.runtime_3.9.600.20231203-1234\jars\maven-resolver-impl-1.9.18.jar
2024-05-07 19:21:10,380 [Worker-8: Launching Executing clean in D__onlin-library-system_OLS-backend_NotificationService] INFO  o.eclipse.m2e.core.internal.Bundles - 	Entry: C:\sts-4.22.0\plugins\org.eclipse.m2e.maven.runtime_3.9.600.20231203-1234\jars\maven-resolver-named-locks-1.9.18.jar
2024-05-07 19:21:10,380 [Worker-8: Launching Executing clean in D__onlin-library-system_OLS-backend_NotificationService] INFO  o.eclipse.m2e.core.internal.Bundles - 	Entry: C:\sts-4.22.0\plugins\org.eclipse.m2e.maven.runtime_3.9.600.20231203-1234\jars\maven-resolver-provider-3.9.6.jar
2024-05-07 19:21:10,381 [Worker-8: Launching Executing clean in D__onlin-library-system_OLS-backend_NotificationService] INFO  o.eclipse.m2e.core.internal.Bundles - 	Entry: C:\sts-4.22.0\plugins\org.eclipse.m2e.maven.runtime_3.9.600.20231203-1234\jars\maven-resolver-spi-1.9.18.jar
2024-05-07 19:21:10,381 [Worker-8: Launching Executing clean in D__onlin-library-system_OLS-backend_NotificationService] INFO  o.eclipse.m2e.core.internal.Bundles - 	Entry: C:\sts-4.22.0\plugins\org.eclipse.m2e.maven.runtime_3.9.600.20231203-1234\jars\maven-resolver-transport-file-1.9.18.jar
2024-05-07 19:21:10,381 [Worker-8: Launching Executing clean in D__onlin-library-system_OLS-backend_NotificationService] INFO  o.eclipse.m2e.core.internal.Bundles - 	Entry: C:\sts-4.22.0\plugins\org.eclipse.m2e.maven.runtime_3.9.600.20231203-1234\jars\maven-resolver-transport-http-1.9.18.jar
2024-05-07 19:21:10,381 [Worker-8: Launching Executing clean in D__onlin-library-system_OLS-backend_NotificationService] INFO  o.eclipse.m2e.core.internal.Bundles - 	Entry: C:\sts-4.22.0\plugins\org.eclipse.m2e.maven.runtime_3.9.600.20231203-1234\jars\maven-resolver-transport-wagon-1.9.18.jar
2024-05-07 19:21:10,381 [Worker-8: Launching Executing clean in D__onlin-library-system_OLS-backend_NotificationService] INFO  o.eclipse.m2e.core.internal.Bundles - 	Entry: C:\sts-4.22.0\plugins\org.eclipse.m2e.maven.runtime_3.9.600.20231203-1234\jars\maven-resolver-util-1.9.18.jar
2024-05-07 19:21:10,382 [Worker-8: Launching Executing clean in D__onlin-library-system_OLS-backend_NotificationService] INFO  o.eclipse.m2e.core.internal.Bundles - 	Entry: C:\sts-4.22.0\plugins\org.eclipse.m2e.maven.runtime_3.9.600.20231203-1234\jars\maven-settings-3.9.6.jar
2024-05-07 19:21:10,382 [Worker-8: Launching Executing clean in D__onlin-library-system_OLS-backend_NotificationService] INFO  o.eclipse.m2e.core.internal.Bundles - 	Entry: C:\sts-4.22.0\plugins\org.eclipse.m2e.maven.runtime_3.9.600.20231203-1234\jars\maven-settings-builder-3.9.6.jar
2024-05-07 19:21:10,382 [Worker-8: Launching Executing clean in D__onlin-library-system_OLS-backend_NotificationService] INFO  o.eclipse.m2e.core.internal.Bundles - 	Entry: C:\sts-4.22.0\plugins\org.eclipse.m2e.maven.runtime_3.9.600.20231203-1234\jars\maven-shared-utils-3.3.4.jar
2024-05-07 19:21:10,382 [Worker-8: Launching Executing clean in D__onlin-library-system_OLS-backend_NotificationService] INFO  o.eclipse.m2e.core.internal.Bundles - 	Entry: C:\sts-4.22.0\plugins\org.eclipse.m2e.maven.runtime_3.9.600.20231203-1234\jars\org.eclipse.sisu.inject-0.9.0.M2.jar
2024-05-07 19:21:10,383 [Worker-8: Launching Executing clean in D__onlin-library-system_OLS-backend_NotificationService] INFO  o.eclipse.m2e.core.internal.Bundles - 	Entry: C:\sts-4.22.0\plugins\org.eclipse.m2e.maven.runtime_3.9.600.20231203-1234\jars\org.eclipse.sisu.plexus-0.9.0.M2.jar
2024-05-07 19:21:10,383 [Worker-8: Launching Executing clean in D__onlin-library-system_OLS-backend_NotificationService] INFO  o.eclipse.m2e.core.internal.Bundles - 	Entry: C:\sts-4.22.0\plugins\org.eclipse.m2e.maven.runtime_3.9.600.20231203-1234\jars\plexus-build-api-0.0.7.jar
2024-05-07 19:21:10,383 [Worker-8: Launching Executing clean in D__onlin-library-system_OLS-backend_NotificationService] INFO  o.eclipse.m2e.core.internal.Bundles - 	Entry: C:\sts-4.22.0\plugins\org.eclipse.m2e.maven.runtime_3.9.600.20231203-1234\jars\plexus-cipher-2.0.jar
2024-05-07 19:21:10,383 [Worker-8: Launching Executing clean in D__onlin-library-system_OLS-backend_NotificationService] INFO  o.eclipse.m2e.core.internal.Bundles - 	Entry: C:\sts-4.22.0\plugins\org.eclipse.m2e.maven.runtime_3.9.600.20231203-1234\jars\plexus-classworlds-2.7.0.jar
2024-05-07 19:21:10,383 [Worker-8: Launching Executing clean in D__onlin-library-system_OLS-backend_NotificationService] INFO  o.eclipse.m2e.core.internal.Bundles - 	Entry: C:\sts-4.22.0\plugins\org.eclipse.m2e.maven.runtime_3.9.600.20231203-1234\jars\plexus-component-annotations-2.1.0.jar
2024-05-07 19:21:10,384 [Worker-8: Launching Executing clean in D__onlin-library-system_OLS-backend_NotificationService] INFO  o.eclipse.m2e.core.internal.Bundles - 	Entry: C:\sts-4.22.0\plugins\org.eclipse.m2e.maven.runtime_3.9.600.20231203-1234\jars\plexus-interpolation-1.26.jar
2024-05-07 19:21:10,384 [Worker-8: Launching Executing clean in D__onlin-library-system_OLS-backend_NotificationService] INFO  o.eclipse.m2e.core.internal.Bundles - 	Entry: C:\sts-4.22.0\plugins\org.eclipse.m2e.maven.runtime_3.9.600.20231203-1234\jars\plexus-sec-dispatcher-2.0.jar
2024-05-07 19:21:10,384 [Worker-8: Launching Executing clean in D__onlin-library-system_OLS-backend_NotificationService] INFO  o.eclipse.m2e.core.internal.Bundles - 	Entry: C:\sts-4.22.0\plugins\org.eclipse.m2e.maven.runtime_3.9.600.20231203-1234\jars\plexus-utils-3.5.1.jar
2024-05-07 19:21:10,384 [Worker-8: Launching Executing clean in D__onlin-library-system_OLS-backend_NotificationService] INFO  o.eclipse.m2e.core.internal.Bundles - 	Entry: C:\sts-4.22.0\plugins\org.eclipse.m2e.maven.runtime_3.9.600.20231203-1234\jars\wagon-file-3.5.3.jar
2024-05-07 19:21:10,384 [Worker-8: Launching Executing clean in D__onlin-library-system_OLS-backend_NotificationService] INFO  o.eclipse.m2e.core.internal.Bundles - 	Entry: C:\sts-4.22.0\plugins\org.eclipse.m2e.maven.runtime_3.9.600.20231203-1234\jars\wagon-http-3.5.3.jar
2024-05-07 19:21:10,385 [Worker-8: Launching Executing clean in D__onlin-library-system_OLS-backend_NotificationService] INFO  o.eclipse.m2e.core.internal.Bundles - 	Entry: C:\sts-4.22.0\plugins\org.eclipse.m2e.maven.runtime_3.9.600.20231203-1234\jars\wagon-http-shared-3.5.3.jar
2024-05-07 19:21:10,385 [Worker-8: Launching Executing clean in D__onlin-library-system_OLS-backend_NotificationService] INFO  o.eclipse.m2e.core.internal.Bundles - 	Entry: C:\sts-4.22.0\plugins\org.eclipse.m2e.maven.runtime_3.9.600.20231203-1234\jars\wagon-provider-api-3.5.3.jar
2024-05-07 19:21:10,388 [Worker-8: Launching Executing clean in D__onlin-library-system_OLS-backend_NotificationService] INFO  o.eclipse.m2e.core.internal.Bundles - getClasspathEntries(Bundle=com.google.guava_33.0.0.jre [27])
2024-05-07 19:21:10,389 [Worker-8: Launching Executing clean in D__onlin-library-system_OLS-backend_NotificationService] INFO  o.eclipse.m2e.core.internal.Bundles - 	Entry: C:\sts-4.22.0\plugins\com.google.guava_33.0.0.jre.jar
2024-05-07 19:21:10,389 [Worker-8: Launching Executing clean in D__onlin-library-system_OLS-backend_NotificationService] INFO  o.eclipse.m2e.core.internal.Bundles - getClasspathEntries(Bundle=slf4j.api_2.0.12 [583])
2024-05-07 19:21:10,389 [Worker-8: Launching Executing clean in D__onlin-library-system_OLS-backend_NotificationService] INFO  o.eclipse.m2e.core.internal.Bundles - 	Entry: C:\sts-4.22.0\plugins\slf4j.api_2.0.12.jar
2024-05-07 19:21:10,389 [Worker-8: Launching Executing clean in D__onlin-library-system_OLS-backend_NotificationService] INFO  o.eclipse.m2e.core.internal.Bundles - getClasspathEntries(Bundle=jakarta.inject.jakarta.inject-api_1.0.5 [44])
2024-05-07 19:21:10,389 [Worker-8: Launching Executing clean in D__onlin-library-system_OLS-backend_NotificationService] INFO  o.eclipse.m2e.core.internal.Bundles - 	Entry: C:\sts-4.22.0\plugins\jakarta.inject.jakarta.inject-api_1.0.5.jar
2024-05-07 19:21:10,389 [Worker-8: Launching Executing clean in D__onlin-library-system_OLS-backend_NotificationService] INFO  o.eclipse.m2e.core.internal.Bundles - getClasspathEntries(Bundle=jakarta.annotation-api_1.3.5 [40])
2024-05-07 19:21:10,390 [Worker-8: Launching Executing clean in D__onlin-library-system_OLS-backend_NotificationService] INFO  o.eclipse.m2e.core.internal.Bundles - 	Entry: C:\sts-4.22.0\plugins\jakarta.annotation-api_1.3.5.jar
2024-05-07 19:21:10,390 [Worker-8: Launching Executing clean in D__onlin-library-system_OLS-backend_NotificationService] INFO  o.eclipse.m2e.core.internal.Bundles - getClasspathEntries(Bundle=org.apache.commons.cli_1.6.0 [75])
2024-05-07 19:21:10,390 [Worker-8: Launching Executing clean in D__onlin-library-system_OLS-backend_NotificationService] INFO  o.eclipse.m2e.core.internal.Bundles - 	Entry: C:\sts-4.22.0\plugins\org.apache.commons.cli_1.6.0.jar
2024-05-07 19:21:10,390 [Worker-8: Launching Executing clean in D__onlin-library-system_OLS-backend_NotificationService] INFO  o.eclipse.m2e.core.internal.Bundles - getClasspathEntries(Bundle=org.apache.commons.commons-codec_1.16.0 [77])
2024-05-07 19:21:10,390 [Worker-8: Launching Executing clean in D__onlin-library-system_OLS-backend_NotificationService] INFO  o.eclipse.m2e.core.internal.Bundles - 	Entry: C:\sts-4.22.0\plugins\org.apache.commons.commons-codec_1.16.0.jar
2024-05-07 19:21:10,390 [Worker-8: Launching Executing clean in D__onlin-library-system_OLS-backend_NotificationService] INFO  o.eclipse.m2e.core.internal.Bundles - getClasspathEntries(Bundle=org.apache.commons.lang3_3.14.0 [81])
2024-05-07 19:21:10,391 [Worker-8: Launching Executing clean in D__onlin-library-system_OLS-backend_NotificationService] INFO  o.eclipse.m2e.core.internal.Bundles - 	Entry: C:\sts-4.22.0\plugins\org.apache.commons.lang3_3.14.0.jar
2024-05-07 19:21:10,391 [Worker-8: Launching Executing clean in D__onlin-library-system_OLS-backend_NotificationService] INFO  o.eclipse.m2e.core.internal.Bundles - getClasspathEntries(Bundle=com.google.guava.failureaccess_1.0.2 [29])
2024-05-07 19:21:10,391 [Worker-8: Launching Executing clean in D__onlin-library-system_OLS-backend_NotificationService] INFO  o.eclipse.m2e.core.internal.Bundles - 	Entry: C:\sts-4.22.0\plugins\com.google.guava.failureaccess_1.0.2.jar
2024-05-07 19:21:10,402 [Worker-8: Launching Executing clean in D__onlin-library-system_OLS-backend_NotificationService] INFO  o.e.m.i.launch.MavenLaunchDelegate - Run build in "D:\onlin-library-system\OLS-backend\NotificationService":
2024-05-07 19:21:10,408 [Worker-8: Launching Executing clean in D__onlin-library-system_OLS-backend_NotificationService] INFO  o.e.m.i.launch.MavenLaunchDelegate -  mvn  -B -Dstyle.color=always clean
2024-05-07 19:21:13,212 [Worker-8: Building] INFO  o.a.m.s.f.DefaultMavenResourcesFiltering - Copying 1 resource from src\main\resources to target\classes
2024-05-07 19:21:13,213 [Worker-8: Building] INFO  o.a.m.s.f.DefaultMavenResourcesFiltering - Copying 0 resource from src\main\resources to target\classes
2024-05-07 19:21:13,217 [Worker-8: Building] INFO  o.a.m.s.f.DefaultMavenResourcesFiltering - skip non existing resourceDirectory D:\onlin-library-system\OLS-backend\NotificationService\src\test\resources
2024-05-07 19:21:27,760 [Worker-5: Launching Executing install in D__onlin-library-system_OLS-backend_NotificationService] INFO  o.eclipse.m2e.core.internal.Bundles - getClasspathEntries(Bundle=org.eclipse.m2e.maven.runtime_3.9.600.20231203-1234 [354])
2024-05-07 19:21:27,761 [Worker-5: Launching Executing install in D__onlin-library-system_OLS-backend_NotificationService] INFO  o.eclipse.m2e.core.internal.Bundles - 	Entry: C:\sts-4.22.0\plugins\org.eclipse.m2e.maven.runtime_3.9.600.20231203-1234
2024-05-07 19:21:27,761 [Worker-5: Launching Executing install in D__onlin-library-system_OLS-backend_NotificationService] INFO  o.eclipse.m2e.core.internal.Bundles - 	Entry: C:\sts-4.22.0\plugins\org.eclipse.m2e.maven.runtime_3.9.600.20231203-1234\jars\aopalliance-1.0.jar
2024-05-07 19:21:27,761 [Worker-5: Launching Executing install in D__onlin-library-system_OLS-backend_NotificationService] INFO  o.eclipse.m2e.core.internal.Bundles - 	Entry: C:\sts-4.22.0\plugins\org.eclipse.m2e.maven.runtime_3.9.600.20231203-1234\jars\guice-5.1.0.jar
2024-05-07 19:21:27,761 [Worker-5: Launching Executing install in D__onlin-library-system_OLS-backend_NotificationService] INFO  o.eclipse.m2e.core.internal.Bundles - 	Entry: C:\sts-4.22.0\plugins\org.eclipse.m2e.maven.runtime_3.9.600.20231203-1234\jars\httpclient-4.5.14.jar
2024-05-07 19:21:27,762 [Worker-5: Launching Executing install in D__onlin-library-system_OLS-backend_NotificationService] INFO  o.eclipse.m2e.core.internal.Bundles - 	Entry: C:\sts-4.22.0\plugins\org.eclipse.m2e.maven.runtime_3.9.600.20231203-1234\jars\httpcore-4.4.16.jar
2024-05-07 19:21:27,762 [Worker-5: Launching Executing install in D__onlin-library-system_OLS-backend_NotificationService] INFO  o.eclipse.m2e.core.internal.Bundles - 	Entry: C:\sts-4.22.0\plugins\org.eclipse.m2e.maven.runtime_3.9.600.20231203-1234\jars\jansi-2.4.0.jar
2024-05-07 19:21:27,762 [Worker-5: Launching Executing install in D__onlin-library-system_OLS-backend_NotificationService] INFO  o.eclipse.m2e.core.internal.Bundles - 	Entry: C:\sts-4.22.0\plugins\org.eclipse.m2e.maven.runtime_3.9.600.20231203-1234\jars\jcl-over-slf4j-1.7.36.jar
2024-05-07 19:21:27,762 [Worker-5: Launching Executing install in D__onlin-library-system_OLS-backend_NotificationService] INFO  o.eclipse.m2e.core.internal.Bundles - 	Entry: C:\sts-4.22.0\plugins\org.eclipse.m2e.maven.runtime_3.9.600.20231203-1234\jars\maven-artifact-3.9.6.jar
2024-05-07 19:21:27,762 [Worker-5: Launching Executing install in D__onlin-library-system_OLS-backend_NotificationService] INFO  o.eclipse.m2e.core.internal.Bundles - 	Entry: C:\sts-4.22.0\plugins\org.eclipse.m2e.maven.runtime_3.9.600.20231203-1234\jars\maven-builder-support-3.9.6.jar
2024-05-07 19:21:27,763 [Worker-5: Launching Executing install in D__onlin-library-system_OLS-backend_NotificationService] INFO  o.eclipse.m2e.core.internal.Bundles - 	Entry: C:\sts-4.22.0\plugins\org.eclipse.m2e.maven.runtime_3.9.600.20231203-1234\jars\maven-compat-3.9.6.jar
2024-05-07 19:21:27,763 [Worker-5: Launching Executing install in D__onlin-library-system_OLS-backend_NotificationService] INFO  o.eclipse.m2e.core.internal.Bundles - 	Entry: C:\sts-4.22.0\plugins\org.eclipse.m2e.maven.runtime_3.9.600.20231203-1234\jars\maven-core-3.9.6.jar
2024-05-07 19:21:27,763 [Worker-5: Launching Executing install in D__onlin-library-system_OLS-backend_NotificationService] INFO  o.eclipse.m2e.core.internal.Bundles - 	Entry: C:\sts-4.22.0\plugins\org.eclipse.m2e.maven.runtime_3.9.600.20231203-1234\jars\maven-embedder-3.9.6.jar
2024-05-07 19:21:27,763 [Worker-5: Launching Executing install in D__onlin-library-system_OLS-backend_NotificationService] INFO  o.eclipse.m2e.core.internal.Bundles - 	Entry: C:\sts-4.22.0\plugins\org.eclipse.m2e.maven.runtime_3.9.600.20231203-1234\jars\maven-model-3.9.6.jar
2024-05-07 19:21:27,763 [Worker-5: Launching Executing install in D__onlin-library-system_OLS-backend_NotificationService] INFO  o.eclipse.m2e.core.internal.Bundles - 	Entry: C:\sts-4.22.0\plugins\org.eclipse.m2e.maven.runtime_3.9.600.20231203-1234\jars\maven-model-builder-3.9.6.jar
2024-05-07 19:21:27,764 [Worker-5: Launching Executing install in D__onlin-library-system_OLS-backend_NotificationService] INFO  o.eclipse.m2e.core.internal.Bundles - 	Entry: C:\sts-4.22.0\plugins\org.eclipse.m2e.maven.runtime_3.9.600.20231203-1234\jars\maven-plugin-api-3.9.6.jar
2024-05-07 19:21:27,764 [Worker-5: Launching Executing install in D__onlin-library-system_OLS-backend_NotificationService] INFO  o.eclipse.m2e.core.internal.Bundles - 	Entry: C:\sts-4.22.0\plugins\org.eclipse.m2e.maven.runtime_3.9.600.20231203-1234\jars\maven-repository-metadata-3.9.6.jar
2024-05-07 19:21:27,764 [Worker-5: Launching Executing install in D__onlin-library-system_OLS-backend_NotificationService] INFO  o.eclipse.m2e.core.internal.Bundles - 	Entry: C:\sts-4.22.0\plugins\org.eclipse.m2e.maven.runtime_3.9.600.20231203-1234\jars\maven-resolver-api-1.9.18.jar
2024-05-07 19:21:27,764 [Worker-5: Launching Executing install in D__onlin-library-system_OLS-backend_NotificationService] INFO  o.eclipse.m2e.core.internal.Bundles - 	Entry: C:\sts-4.22.0\plugins\org.eclipse.m2e.maven.runtime_3.9.600.20231203-1234\jars\maven-resolver-connector-basic-1.9.18.jar
2024-05-07 19:21:27,764 [Worker-5: Launching Executing install in D__onlin-library-system_OLS-backend_NotificationService] INFO  o.eclipse.m2e.core.internal.Bundles - 	Entry: C:\sts-4.22.0\plugins\org.eclipse.m2e.maven.runtime_3.9.600.20231203-1234\jars\maven-resolver-impl-1.9.18.jar
2024-05-07 19:21:27,765 [Worker-5: Launching Executing install in D__onlin-library-system_OLS-backend_NotificationService] INFO  o.eclipse.m2e.core.internal.Bundles - 	Entry: C:\sts-4.22.0\plugins\org.eclipse.m2e.maven.runtime_3.9.600.20231203-1234\jars\maven-resolver-named-locks-1.9.18.jar
2024-05-07 19:21:27,765 [Worker-5: Launching Executing install in D__onlin-library-system_OLS-backend_NotificationService] INFO  o.eclipse.m2e.core.internal.Bundles - 	Entry: C:\sts-4.22.0\plugins\org.eclipse.m2e.maven.runtime_3.9.600.20231203-1234\jars\maven-resolver-provider-3.9.6.jar
2024-05-07 19:21:27,765 [Worker-5: Launching Executing install in D__onlin-library-system_OLS-backend_NotificationService] INFO  o.eclipse.m2e.core.internal.Bundles - 	Entry: C:\sts-4.22.0\plugins\org.eclipse.m2e.maven.runtime_3.9.600.20231203-1234\jars\maven-resolver-spi-1.9.18.jar
2024-05-07 19:21:27,765 [Worker-5: Launching Executing install in D__onlin-library-system_OLS-backend_NotificationService] INFO  o.eclipse.m2e.core.internal.Bundles - 	Entry: C:\sts-4.22.0\plugins\org.eclipse.m2e.maven.runtime_3.9.600.20231203-1234\jars\maven-resolver-transport-file-1.9.18.jar
2024-05-07 19:21:27,765 [Worker-5: Launching Executing install in D__onlin-library-system_OLS-backend_NotificationService] INFO  o.eclipse.m2e.core.internal.Bundles - 	Entry: C:\sts-4.22.0\plugins\org.eclipse.m2e.maven.runtime_3.9.600.20231203-1234\jars\maven-resolver-transport-http-1.9.18.jar
2024-05-07 19:21:27,765 [Worker-5: Launching Executing install in D__onlin-library-system_OLS-backend_NotificationService] INFO  o.eclipse.m2e.core.internal.Bundles - 	Entry: C:\sts-4.22.0\plugins\org.eclipse.m2e.maven.runtime_3.9.600.20231203-1234\jars\maven-resolver-transport-wagon-1.9.18.jar
2024-05-07 19:21:27,766 [Worker-5: Launching Executing install in D__onlin-library-system_OLS-backend_NotificationService] INFO  o.eclipse.m2e.core.internal.Bundles - 	Entry: C:\sts-4.22.0\plugins\org.eclipse.m2e.maven.runtime_3.9.600.20231203-1234\jars\maven-resolver-util-1.9.18.jar
2024-05-07 19:21:27,766 [Worker-5: Launching Executing install in D__onlin-library-system_OLS-backend_NotificationService] INFO  o.eclipse.m2e.core.internal.Bundles - 	Entry: C:\sts-4.22.0\plugins\org.eclipse.m2e.maven.runtime_3.9.600.20231203-1234\jars\maven-settings-3.9.6.jar
2024-05-07 19:21:27,766 [Worker-5: Launching Executing install in D__onlin-library-system_OLS-backend_NotificationService] INFO  o.eclipse.m2e.core.internal.Bundles - 	Entry: C:\sts-4.22.0\plugins\org.eclipse.m2e.maven.runtime_3.9.600.20231203-1234\jars\maven-settings-builder-3.9.6.jar
2024-05-07 19:21:27,767 [Worker-5: Launching Executing install in D__onlin-library-system_OLS-backend_NotificationService] INFO  o.eclipse.m2e.core.internal.Bundles - 	Entry: C:\sts-4.22.0\plugins\org.eclipse.m2e.maven.runtime_3.9.600.20231203-1234\jars\maven-shared-utils-3.3.4.jar
2024-05-07 19:21:27,767 [Worker-5: Launching Executing install in D__onlin-library-system_OLS-backend_NotificationService] INFO  o.eclipse.m2e.core.internal.Bundles - 	Entry: C:\sts-4.22.0\plugins\org.eclipse.m2e.maven.runtime_3.9.600.20231203-1234\jars\org.eclipse.sisu.inject-0.9.0.M2.jar
2024-05-07 19:21:27,767 [Worker-5: Launching Executing install in D__onlin-library-system_OLS-backend_NotificationService] INFO  o.eclipse.m2e.core.internal.Bundles - 	Entry: C:\sts-4.22.0\plugins\org.eclipse.m2e.maven.runtime_3.9.600.20231203-1234\jars\org.eclipse.sisu.plexus-0.9.0.M2.jar
2024-05-07 19:21:27,767 [Worker-5: Launching Executing install in D__onlin-library-system_OLS-backend_NotificationService] INFO  o.eclipse.m2e.core.internal.Bundles - 	Entry: C:\sts-4.22.0\plugins\org.eclipse.m2e.maven.runtime_3.9.600.20231203-1234\jars\plexus-build-api-0.0.7.jar
2024-05-07 19:21:27,768 [Worker-5: Launching Executing install in D__onlin-library-system_OLS-backend_NotificationService] INFO  o.eclipse.m2e.core.internal.Bundles - 	Entry: C:\sts-4.22.0\plugins\org.eclipse.m2e.maven.runtime_3.9.600.20231203-1234\jars\plexus-cipher-2.0.jar
2024-05-07 19:21:27,768 [Worker-5: Launching Executing install in D__onlin-library-system_OLS-backend_NotificationService] INFO  o.eclipse.m2e.core.internal.Bundles - 	Entry: C:\sts-4.22.0\plugins\org.eclipse.m2e.maven.runtime_3.9.600.20231203-1234\jars\plexus-classworlds-2.7.0.jar
2024-05-07 19:21:27,768 [Worker-5: Launching Executing install in D__onlin-library-system_OLS-backend_NotificationService] INFO  o.eclipse.m2e.core.internal.Bundles - 	Entry: C:\sts-4.22.0\plugins\org.eclipse.m2e.maven.runtime_3.9.600.20231203-1234\jars\plexus-component-annotations-2.1.0.jar
2024-05-07 19:21:27,768 [Worker-5: Launching Executing install in D__onlin-library-system_OLS-backend_NotificationService] INFO  o.eclipse.m2e.core.internal.Bundles - 	Entry: C:\sts-4.22.0\plugins\org.eclipse.m2e.maven.runtime_3.9.600.20231203-1234\jars\plexus-interpolation-1.26.jar
2024-05-07 19:21:27,768 [Worker-5: Launching Executing install in D__onlin-library-system_OLS-backend_NotificationService] INFO  o.eclipse.m2e.core.internal.Bundles - 	Entry: C:\sts-4.22.0\plugins\org.eclipse.m2e.maven.runtime_3.9.600.20231203-1234\jars\plexus-sec-dispatcher-2.0.jar
2024-05-07 19:21:27,769 [Worker-5: Launching Executing install in D__onlin-library-system_OLS-backend_NotificationService] INFO  o.eclipse.m2e.core.internal.Bundles - 	Entry: C:\sts-4.22.0\plugins\org.eclipse.m2e.maven.runtime_3.9.600.20231203-1234\jars\plexus-utils-3.5.1.jar
2024-05-07 19:21:27,770 [Worker-5: Launching Executing install in D__onlin-library-system_OLS-backend_NotificationService] INFO  o.eclipse.m2e.core.internal.Bundles - 	Entry: C:\sts-4.22.0\plugins\org.eclipse.m2e.maven.runtime_3.9.600.20231203-1234\jars\wagon-file-3.5.3.jar
2024-05-07 19:21:27,770 [Worker-5: Launching Executing install in D__onlin-library-system_OLS-backend_NotificationService] INFO  o.eclipse.m2e.core.internal.Bundles - 	Entry: C:\sts-4.22.0\plugins\org.eclipse.m2e.maven.runtime_3.9.600.20231203-1234\jars\wagon-http-3.5.3.jar
2024-05-07 19:21:27,770 [Worker-5: Launching Executing install in D__onlin-library-system_OLS-backend_NotificationService] INFO  o.eclipse.m2e.core.internal.Bundles - 	Entry: C:\sts-4.22.0\plugins\org.eclipse.m2e.maven.runtime_3.9.600.20231203-1234\jars\wagon-http-shared-3.5.3.jar
2024-05-07 19:21:27,771 [Worker-5: Launching Executing install in D__onlin-library-system_OLS-backend_NotificationService] INFO  o.eclipse.m2e.core.internal.Bundles - 	Entry: C:\sts-4.22.0\plugins\org.eclipse.m2e.maven.runtime_3.9.600.20231203-1234\jars\wagon-provider-api-3.5.3.jar
2024-05-07 19:21:27,771 [Worker-5: Launching Executing install in D__onlin-library-system_OLS-backend_NotificationService] INFO  o.eclipse.m2e.core.internal.Bundles - getClasspathEntries(Bundle=com.google.guava_33.0.0.jre [27])
2024-05-07 19:21:27,772 [Worker-5: Launching Executing install in D__onlin-library-system_OLS-backend_NotificationService] INFO  o.eclipse.m2e.core.internal.Bundles - 	Entry: C:\sts-4.22.0\plugins\com.google.guava_33.0.0.jre.jar
2024-05-07 19:21:27,772 [Worker-5: Launching Executing install in D__onlin-library-system_OLS-backend_NotificationService] INFO  o.eclipse.m2e.core.internal.Bundles - getClasspathEntries(Bundle=slf4j.api_2.0.12 [583])
2024-05-07 19:21:27,772 [Worker-5: Launching Executing install in D__onlin-library-system_OLS-backend_NotificationService] INFO  o.eclipse.m2e.core.internal.Bundles - 	Entry: C:\sts-4.22.0\plugins\slf4j.api_2.0.12.jar
2024-05-07 19:21:27,772 [Worker-5: Launching Executing install in D__onlin-library-system_OLS-backend_NotificationService] INFO  o.eclipse.m2e.core.internal.Bundles - getClasspathEntries(Bundle=jakarta.inject.jakarta.inject-api_1.0.5 [44])
2024-05-07 19:21:27,773 [Worker-5: Launching Executing install in D__onlin-library-system_OLS-backend_NotificationService] INFO  o.eclipse.m2e.core.internal.Bundles - 	Entry: C:\sts-4.22.0\plugins\jakarta.inject.jakarta.inject-api_1.0.5.jar
2024-05-07 19:21:27,773 [Worker-5: Launching Executing install in D__onlin-library-system_OLS-backend_NotificationService] INFO  o.eclipse.m2e.core.internal.Bundles - getClasspathEntries(Bundle=jakarta.annotation-api_1.3.5 [40])
2024-05-07 19:21:27,773 [Worker-5: Launching Executing install in D__onlin-library-system_OLS-backend_NotificationService] INFO  o.eclipse.m2e.core.internal.Bundles - 	Entry: C:\sts-4.22.0\plugins\jakarta.annotation-api_1.3.5.jar
2024-05-07 19:21:27,773 [Worker-5: Launching Executing install in D__onlin-library-system_OLS-backend_NotificationService] INFO  o.eclipse.m2e.core.internal.Bundles - getClasspathEntries(Bundle=org.apache.commons.cli_1.6.0 [75])
2024-05-07 19:21:27,774 [Worker-5: Launching Executing install in D__onlin-library-system_OLS-backend_NotificationService] INFO  o.eclipse.m2e.core.internal.Bundles - 	Entry: C:\sts-4.22.0\plugins\org.apache.commons.cli_1.6.0.jar
2024-05-07 19:21:27,774 [Worker-5: Launching Executing install in D__onlin-library-system_OLS-backend_NotificationService] INFO  o.eclipse.m2e.core.internal.Bundles - getClasspathEntries(Bundle=org.apache.commons.commons-codec_1.16.0 [77])
2024-05-07 19:21:27,774 [Worker-5: Launching Executing install in D__onlin-library-system_OLS-backend_NotificationService] INFO  o.eclipse.m2e.core.internal.Bundles - 	Entry: C:\sts-4.22.0\plugins\org.apache.commons.commons-codec_1.16.0.jar
2024-05-07 19:21:27,774 [Worker-5: Launching Executing install in D__onlin-library-system_OLS-backend_NotificationService] INFO  o.eclipse.m2e.core.internal.Bundles - getClasspathEntries(Bundle=org.apache.commons.lang3_3.14.0 [81])
2024-05-07 19:21:27,774 [Worker-5: Launching Executing install in D__onlin-library-system_OLS-backend_NotificationService] INFO  o.eclipse.m2e.core.internal.Bundles - 	Entry: C:\sts-4.22.0\plugins\org.apache.commons.lang3_3.14.0.jar
2024-05-07 19:21:27,774 [Worker-5: Launching Executing install in D__onlin-library-system_OLS-backend_NotificationService] INFO  o.eclipse.m2e.core.internal.Bundles - getClasspathEntries(Bundle=com.google.guava.failureaccess_1.0.2 [29])
2024-05-07 19:21:27,775 [Worker-5: Launching Executing install in D__onlin-library-system_OLS-backend_NotificationService] INFO  o.eclipse.m2e.core.internal.Bundles - 	Entry: C:\sts-4.22.0\plugins\com.google.guava.failureaccess_1.0.2.jar
2024-05-07 19:21:27,776 [Worker-5: Launching Executing install in D__onlin-library-system_OLS-backend_NotificationService] INFO  o.e.m.i.launch.MavenLaunchDelegate - Run build in "D:\onlin-library-system\OLS-backend\NotificationService":
2024-05-07 19:21:27,776 [Worker-5: Launching Executing install in D__onlin-library-system_OLS-backend_NotificationService] INFO  o.e.m.i.launch.MavenLaunchDelegate -  mvn  -B -Dstyle.color=always install
2024-05-07 19:22:36,005 [Worker-8: Building] INFO  o.a.m.s.f.DefaultMavenResourcesFiltering - Copying 1 resource from src\main\resources to target\classes
2024-05-07 19:22:36,019 [Worker-8: Building] INFO  o.a.m.s.f.DefaultMavenResourcesFiltering - Copying 0 resource from src\main\resources to target\classes
2024-05-07 19:22:36,027 [Worker-8: Building] INFO  o.a.m.s.f.DefaultMavenResourcesFiltering - skip non existing resourceDirectory D:\onlin-library-system\OLS-backend\NotificationService\src\test\resources
2024-05-07 19:23:20,097 [Worker-1: Building] INFO  o.a.m.s.f.DefaultMavenResourcesFiltering - Copying 1 resource from src\main\resources to target\classes
2024-05-07 19:23:20,134 [Worker-1: Building] INFO  o.a.m.s.f.DefaultMavenResourcesFiltering - Copying 0 resource from src\main\resources to target\classes
2024-05-07 19:23:20,139 [Worker-1: Building] INFO  o.a.m.s.f.DefaultMavenResourcesFiltering - skip non existing resourceDirectory D:\onlin-library-system\OLS-backend\NotificationService\src\test\resources
2024-05-07 19:23:29,346 [Worker-10: Launching Executing install in D__onlin-library-system_OLS-backend_NotificationService] INFO  o.eclipse.m2e.core.internal.Bundles - getClasspathEntries(Bundle=org.eclipse.m2e.maven.runtime_3.9.600.20231203-1234 [354])
2024-05-07 19:23:29,347 [Worker-10: Launching Executing install in D__onlin-library-system_OLS-backend_NotificationService] INFO  o.eclipse.m2e.core.internal.Bundles - 	Entry: C:\sts-4.22.0\plugins\org.eclipse.m2e.maven.runtime_3.9.600.20231203-1234
2024-05-07 19:23:29,347 [Worker-10: Launching Executing install in D__onlin-library-system_OLS-backend_NotificationService] INFO  o.eclipse.m2e.core.internal.Bundles - 	Entry: C:\sts-4.22.0\plugins\org.eclipse.m2e.maven.runtime_3.9.600.20231203-1234\jars\aopalliance-1.0.jar
2024-05-07 19:23:29,348 [Worker-10: Launching Executing install in D__onlin-library-system_OLS-backend_NotificationService] INFO  o.eclipse.m2e.core.internal.Bundles - 	Entry: C:\sts-4.22.0\plugins\org.eclipse.m2e.maven.runtime_3.9.600.20231203-1234\jars\guice-5.1.0.jar
2024-05-07 19:23:29,348 [Worker-10: Launching Executing install in D__onlin-library-system_OLS-backend_NotificationService] INFO  o.eclipse.m2e.core.internal.Bundles - 	Entry: C:\sts-4.22.0\plugins\org.eclipse.m2e.maven.runtime_3.9.600.20231203-1234\jars\httpclient-4.5.14.jar
2024-05-07 19:23:29,348 [Worker-10: Launching Executing install in D__onlin-library-system_OLS-backend_NotificationService] INFO  o.eclipse.m2e.core.internal.Bundles - 	Entry: C:\sts-4.22.0\plugins\org.eclipse.m2e.maven.runtime_3.9.600.20231203-1234\jars\httpcore-4.4.16.jar
2024-05-07 19:23:29,349 [Worker-10: Launching Executing install in D__onlin-library-system_OLS-backend_NotificationService] INFO  o.eclipse.m2e.core.internal.Bundles - 	Entry: C:\sts-4.22.0\plugins\org.eclipse.m2e.maven.runtime_3.9.600.20231203-1234\jars\jansi-2.4.0.jar
2024-05-07 19:23:29,349 [Worker-10: Launching Executing install in D__onlin-library-system_OLS-backend_NotificationService] INFO  o.eclipse.m2e.core.internal.Bundles - 	Entry: C:\sts-4.22.0\plugins\org.eclipse.m2e.maven.runtime_3.9.600.20231203-1234\jars\jcl-over-slf4j-1.7.36.jar
2024-05-07 19:23:29,349 [Worker-10: Launching Executing install in D__onlin-library-system_OLS-backend_NotificationService] INFO  o.eclipse.m2e.core.internal.Bundles - 	Entry: C:\sts-4.22.0\plugins\org.eclipse.m2e.maven.runtime_3.9.600.20231203-1234\jars\maven-artifact-3.9.6.jar
2024-05-07 19:23:29,349 [Worker-10: Launching Executing install in D__onlin-library-system_OLS-backend_NotificationService] INFO  o.eclipse.m2e.core.internal.Bundles - 	Entry: C:\sts-4.22.0\plugins\org.eclipse.m2e.maven.runtime_3.9.600.20231203-1234\jars\maven-builder-support-3.9.6.jar
2024-05-07 19:23:29,350 [Worker-10: Launching Executing install in D__onlin-library-system_OLS-backend_NotificationService] INFO  o.eclipse.m2e.core.internal.Bundles - 	Entry: C:\sts-4.22.0\plugins\org.eclipse.m2e.maven.runtime_3.9.600.20231203-1234\jars\maven-compat-3.9.6.jar
2024-05-07 19:23:29,350 [Worker-10: Launching Executing install in D__onlin-library-system_OLS-backend_NotificationService] INFO  o.eclipse.m2e.core.internal.Bundles - 	Entry: C:\sts-4.22.0\plugins\org.eclipse.m2e.maven.runtime_3.9.600.20231203-1234\jars\maven-core-3.9.6.jar
2024-05-07 19:23:29,350 [Worker-10: Launching Executing install in D__onlin-library-system_OLS-backend_NotificationService] INFO  o.eclipse.m2e.core.internal.Bundles - 	Entry: C:\sts-4.22.0\plugins\org.eclipse.m2e.maven.runtime_3.9.600.20231203-1234\jars\maven-embedder-3.9.6.jar
2024-05-07 19:23:29,350 [Worker-10: Launching Executing install in D__onlin-library-system_OLS-backend_NotificationService] INFO  o.eclipse.m2e.core.internal.Bundles - 	Entry: C:\sts-4.22.0\plugins\org.eclipse.m2e.maven.runtime_3.9.600.20231203-1234\jars\maven-model-3.9.6.jar
2024-05-07 19:23:29,351 [Worker-10: Launching Executing install in D__onlin-library-system_OLS-backend_NotificationService] INFO  o.eclipse.m2e.core.internal.Bundles - 	Entry: C:\sts-4.22.0\plugins\org.eclipse.m2e.maven.runtime_3.9.600.20231203-1234\jars\maven-model-builder-3.9.6.jar
2024-05-07 19:23:29,351 [Worker-10: Launching Executing install in D__onlin-library-system_OLS-backend_NotificationService] INFO  o.eclipse.m2e.core.internal.Bundles - 	Entry: C:\sts-4.22.0\plugins\org.eclipse.m2e.maven.runtime_3.9.600.20231203-1234\jars\maven-plugin-api-3.9.6.jar
2024-05-07 19:23:29,352 [Worker-10: Launching Executing install in D__onlin-library-system_OLS-backend_NotificationService] INFO  o.eclipse.m2e.core.internal.Bundles - 	Entry: C:\sts-4.22.0\plugins\org.eclipse.m2e.maven.runtime_3.9.600.20231203-1234\jars\maven-repository-metadata-3.9.6.jar
2024-05-07 19:23:29,352 [Worker-10: Launching Executing install in D__onlin-library-system_OLS-backend_NotificationService] INFO  o.eclipse.m2e.core.internal.Bundles - 	Entry: C:\sts-4.22.0\plugins\org.eclipse.m2e.maven.runtime_3.9.600.20231203-1234\jars\maven-resolver-api-1.9.18.jar
2024-05-07 19:23:29,352 [Worker-10: Launching Executing install in D__onlin-library-system_OLS-backend_NotificationService] INFO  o.eclipse.m2e.core.internal.Bundles - 	Entry: C:\sts-4.22.0\plugins\org.eclipse.m2e.maven.runtime_3.9.600.20231203-1234\jars\maven-resolver-connector-basic-1.9.18.jar
2024-05-07 19:23:29,352 [Worker-10: Launching Executing install in D__onlin-library-system_OLS-backend_NotificationService] INFO  o.eclipse.m2e.core.internal.Bundles - 	Entry: C:\sts-4.22.0\plugins\org.eclipse.m2e.maven.runtime_3.9.600.20231203-1234\jars\maven-resolver-impl-1.9.18.jar
2024-05-07 19:23:29,353 [Worker-10: Launching Executing install in D__onlin-library-system_OLS-backend_NotificationService] INFO  o.eclipse.m2e.core.internal.Bundles - 	Entry: C:\sts-4.22.0\plugins\org.eclipse.m2e.maven.runtime_3.9.600.20231203-1234\jars\maven-resolver-named-locks-1.9.18.jar
2024-05-07 19:23:29,353 [Worker-10: Launching Executing install in D__onlin-library-system_OLS-backend_NotificationService] INFO  o.eclipse.m2e.core.internal.Bundles - 	Entry: C:\sts-4.22.0\plugins\org.eclipse.m2e.maven.runtime_3.9.600.20231203-1234\jars\maven-resolver-provider-3.9.6.jar
2024-05-07 19:23:29,353 [Worker-10: Launching Executing install in D__onlin-library-system_OLS-backend_NotificationService] INFO  o.eclipse.m2e.core.internal.Bundles - 	Entry: C:\sts-4.22.0\plugins\org.eclipse.m2e.maven.runtime_3.9.600.20231203-1234\jars\maven-resolver-spi-1.9.18.jar
2024-05-07 19:23:29,353 [Worker-10: Launching Executing install in D__onlin-library-system_OLS-backend_NotificationService] INFO  o.eclipse.m2e.core.internal.Bundles - 	Entry: C:\sts-4.22.0\plugins\org.eclipse.m2e.maven.runtime_3.9.600.20231203-1234\jars\maven-resolver-transport-file-1.9.18.jar
2024-05-07 19:23:29,354 [Worker-10: Launching Executing install in D__onlin-library-system_OLS-backend_NotificationService] INFO  o.eclipse.m2e.core.internal.Bundles - 	Entry: C:\sts-4.22.0\plugins\org.eclipse.m2e.maven.runtime_3.9.600.20231203-1234\jars\maven-resolver-transport-http-1.9.18.jar
2024-05-07 19:23:29,354 [Worker-10: Launching Executing install in D__onlin-library-system_OLS-backend_NotificationService] INFO  o.eclipse.m2e.core.internal.Bundles - 	Entry: C:\sts-4.22.0\plugins\org.eclipse.m2e.maven.runtime_3.9.600.20231203-1234\jars\maven-resolver-transport-wagon-1.9.18.jar
2024-05-07 19:23:29,354 [Worker-10: Launching Executing install in D__onlin-library-system_OLS-backend_NotificationService] INFO  o.eclipse.m2e.core.internal.Bundles - 	Entry: C:\sts-4.22.0\plugins\org.eclipse.m2e.maven.runtime_3.9.600.20231203-1234\jars\maven-resolver-util-1.9.18.jar
2024-05-07 19:23:29,355 [Worker-10: Launching Executing install in D__onlin-library-system_OLS-backend_NotificationService] INFO  o.eclipse.m2e.core.internal.Bundles - 	Entry: C:\sts-4.22.0\plugins\org.eclipse.m2e.maven.runtime_3.9.600.20231203-1234\jars\maven-settings-3.9.6.jar
2024-05-07 19:23:29,355 [Worker-10: Launching Executing install in D__onlin-library-system_OLS-backend_NotificationService] INFO  o.eclipse.m2e.core.internal.Bundles - 	Entry: C:\sts-4.22.0\plugins\org.eclipse.m2e.maven.runtime_3.9.600.20231203-1234\jars\maven-settings-builder-3.9.6.jar
2024-05-07 19:23:29,356 [Worker-10: Launching Executing install in D__onlin-library-system_OLS-backend_NotificationService] INFO  o.eclipse.m2e.core.internal.Bundles - 	Entry: C:\sts-4.22.0\plugins\org.eclipse.m2e.maven.runtime_3.9.600.20231203-1234\jars\maven-shared-utils-3.3.4.jar
2024-05-07 19:23:29,356 [Worker-10: Launching Executing install in D__onlin-library-system_OLS-backend_NotificationService] INFO  o.eclipse.m2e.core.internal.Bundles - 	Entry: C:\sts-4.22.0\plugins\org.eclipse.m2e.maven.runtime_3.9.600.20231203-1234\jars\org.eclipse.sisu.inject-0.9.0.M2.jar
2024-05-07 19:23:29,356 [Worker-10: Launching Executing install in D__onlin-library-system_OLS-backend_NotificationService] INFO  o.eclipse.m2e.core.internal.Bundles - 	Entry: C:\sts-4.22.0\plugins\org.eclipse.m2e.maven.runtime_3.9.600.20231203-1234\jars\org.eclipse.sisu.plexus-0.9.0.M2.jar
2024-05-07 19:23:29,357 [Worker-10: Launching Executing install in D__onlin-library-system_OLS-backend_NotificationService] INFO  o.eclipse.m2e.core.internal.Bundles - 	Entry: C:\sts-4.22.0\plugins\org.eclipse.m2e.maven.runtime_3.9.600.20231203-1234\jars\plexus-build-api-0.0.7.jar
2024-05-07 19:23:29,357 [Worker-10: Launching Executing install in D__onlin-library-system_OLS-backend_NotificationService] INFO  o.eclipse.m2e.core.internal.Bundles - 	Entry: C:\sts-4.22.0\plugins\org.eclipse.m2e.maven.runtime_3.9.600.20231203-1234\jars\plexus-cipher-2.0.jar
2024-05-07 19:23:29,357 [Worker-10: Launching Executing install in D__onlin-library-system_OLS-backend_NotificationService] INFO  o.eclipse.m2e.core.internal.Bundles - 	Entry: C:\sts-4.22.0\plugins\org.eclipse.m2e.maven.runtime_3.9.600.20231203-1234\jars\plexus-classworlds-2.7.0.jar
2024-05-07 19:23:29,357 [Worker-10: Launching Executing install in D__onlin-library-system_OLS-backend_NotificationService] INFO  o.eclipse.m2e.core.internal.Bundles - 	Entry: C:\sts-4.22.0\plugins\org.eclipse.m2e.maven.runtime_3.9.600.20231203-1234\jars\plexus-component-annotations-2.1.0.jar
2024-05-07 19:23:29,358 [Worker-10: Launching Executing install in D__onlin-library-system_OLS-backend_NotificationService] INFO  o.eclipse.m2e.core.internal.Bundles - 	Entry: C:\sts-4.22.0\plugins\org.eclipse.m2e.maven.runtime_3.9.600.20231203-1234\jars\plexus-interpolation-1.26.jar
2024-05-07 19:23:29,358 [Worker-10: Launching Executing install in D__onlin-library-system_OLS-backend_NotificationService] INFO  o.eclipse.m2e.core.internal.Bundles - 	Entry: C:\sts-4.22.0\plugins\org.eclipse.m2e.maven.runtime_3.9.600.20231203-1234\jars\plexus-sec-dispatcher-2.0.jar
2024-05-07 19:23:29,358 [Worker-10: Launching Executing install in D__onlin-library-system_OLS-backend_NotificationService] INFO  o.eclipse.m2e.core.internal.Bundles - 	Entry: C:\sts-4.22.0\plugins\org.eclipse.m2e.maven.runtime_3.9.600.20231203-1234\jars\plexus-utils-3.5.1.jar
2024-05-07 19:23:29,359 [Worker-10: Launching Executing install in D__onlin-library-system_OLS-backend_NotificationService] INFO  o.eclipse.m2e.core.internal.Bundles - 	Entry: C:\sts-4.22.0\plugins\org.eclipse.m2e.maven.runtime_3.9.600.20231203-1234\jars\wagon-file-3.5.3.jar
2024-05-07 19:23:29,359 [Worker-10: Launching Executing install in D__onlin-library-system_OLS-backend_NotificationService] INFO  o.eclipse.m2e.core.internal.Bundles - 	Entry: C:\sts-4.22.0\plugins\org.eclipse.m2e.maven.runtime_3.9.600.20231203-1234\jars\wagon-http-3.5.3.jar
2024-05-07 19:23:29,359 [Worker-10: Launching Executing install in D__onlin-library-system_OLS-backend_NotificationService] INFO  o.eclipse.m2e.core.internal.Bundles - 	Entry: C:\sts-4.22.0\plugins\org.eclipse.m2e.maven.runtime_3.9.600.20231203-1234\jars\wagon-http-shared-3.5.3.jar
2024-05-07 19:23:29,359 [Worker-10: Launching Executing install in D__onlin-library-system_OLS-backend_NotificationService] INFO  o.eclipse.m2e.core.internal.Bundles - 	Entry: C:\sts-4.22.0\plugins\org.eclipse.m2e.maven.runtime_3.9.600.20231203-1234\jars\wagon-provider-api-3.5.3.jar
2024-05-07 19:23:29,360 [Worker-10: Launching Executing install in D__onlin-library-system_OLS-backend_NotificationService] INFO  o.eclipse.m2e.core.internal.Bundles - getClasspathEntries(Bundle=com.google.guava_33.0.0.jre [27])
2024-05-07 19:23:29,360 [Worker-10: Launching Executing install in D__onlin-library-system_OLS-backend_NotificationService] INFO  o.eclipse.m2e.core.internal.Bundles - 	Entry: C:\sts-4.22.0\plugins\com.google.guava_33.0.0.jre.jar
2024-05-07 19:23:29,361 [Worker-10: Launching Executing install in D__onlin-library-system_OLS-backend_NotificationService] INFO  o.eclipse.m2e.core.internal.Bundles - getClasspathEntries(Bundle=slf4j.api_2.0.12 [583])
2024-05-07 19:23:29,361 [Worker-10: Launching Executing install in D__onlin-library-system_OLS-backend_NotificationService] INFO  o.eclipse.m2e.core.internal.Bundles - 	Entry: C:\sts-4.22.0\plugins\slf4j.api_2.0.12.jar
2024-05-07 19:23:29,361 [Worker-10: Launching Executing install in D__onlin-library-system_OLS-backend_NotificationService] INFO  o.eclipse.m2e.core.internal.Bundles - getClasspathEntries(Bundle=jakarta.inject.jakarta.inject-api_1.0.5 [44])
2024-05-07 19:23:29,362 [Worker-10: Launching Executing install in D__onlin-library-system_OLS-backend_NotificationService] INFO  o.eclipse.m2e.core.internal.Bundles - 	Entry: C:\sts-4.22.0\plugins\jakarta.inject.jakarta.inject-api_1.0.5.jar
2024-05-07 19:23:29,362 [Worker-10: Launching Executing install in D__onlin-library-system_OLS-backend_NotificationService] INFO  o.eclipse.m2e.core.internal.Bundles - getClasspathEntries(Bundle=jakarta.annotation-api_1.3.5 [40])
2024-05-07 19:23:29,362 [Worker-10: Launching Executing install in D__onlin-library-system_OLS-backend_NotificationService] INFO  o.eclipse.m2e.core.internal.Bundles - 	Entry: C:\sts-4.22.0\plugins\jakarta.annotation-api_1.3.5.jar
2024-05-07 19:23:29,363 [Worker-10: Launching Executing install in D__onlin-library-system_OLS-backend_NotificationService] INFO  o.eclipse.m2e.core.internal.Bundles - getClasspathEntries(Bundle=org.apache.commons.cli_1.6.0 [75])
2024-05-07 19:23:29,363 [Worker-10: Launching Executing install in D__onlin-library-system_OLS-backend_NotificationService] INFO  o.eclipse.m2e.core.internal.Bundles - 	Entry: C:\sts-4.22.0\plugins\org.apache.commons.cli_1.6.0.jar
2024-05-07 19:23:29,363 [Worker-10: Launching Executing install in D__onlin-library-system_OLS-backend_NotificationService] INFO  o.eclipse.m2e.core.internal.Bundles - getClasspathEntries(Bundle=org.apache.commons.commons-codec_1.16.0 [77])
2024-05-07 19:23:29,363 [Worker-10: Launching Executing install in D__onlin-library-system_OLS-backend_NotificationService] INFO  o.eclipse.m2e.core.internal.Bundles - 	Entry: C:\sts-4.22.0\plugins\org.apache.commons.commons-codec_1.16.0.jar
2024-05-07 19:23:29,364 [Worker-10: Launching Executing install in D__onlin-library-system_OLS-backend_NotificationService] INFO  o.eclipse.m2e.core.internal.Bundles - getClasspathEntries(Bundle=org.apache.commons.lang3_3.14.0 [81])
2024-05-07 19:23:29,364 [Worker-10: Launching Executing install in D__onlin-library-system_OLS-backend_NotificationService] INFO  o.eclipse.m2e.core.internal.Bundles - 	Entry: C:\sts-4.22.0\plugins\org.apache.commons.lang3_3.14.0.jar
2024-05-07 19:23:29,364 [Worker-10: Launching Executing install in D__onlin-library-system_OLS-backend_NotificationService] INFO  o.eclipse.m2e.core.internal.Bundles - getClasspathEntries(Bundle=com.google.guava.failureaccess_1.0.2 [29])
2024-05-07 19:23:29,364 [Worker-10: Launching Executing install in D__onlin-library-system_OLS-backend_NotificationService] INFO  o.eclipse.m2e.core.internal.Bundles - 	Entry: C:\sts-4.22.0\plugins\com.google.guava.failureaccess_1.0.2.jar
2024-05-07 19:23:29,366 [Worker-10: Launching Executing install in D__onlin-library-system_OLS-backend_NotificationService] INFO  o.e.m.i.launch.MavenLaunchDelegate - Run build in "D:\onlin-library-system\OLS-backend\NotificationService":
2024-05-07 19:23:29,367 [Worker-10: Launching Executing install in D__onlin-library-system_OLS-backend_NotificationService] INFO  o.e.m.i.launch.MavenLaunchDelegate -  mvn  -B -Dstyle.color=always install
2024-05-07 19:24:11,033 [Worker-7: Building] INFO  o.a.m.s.f.DefaultMavenResourcesFiltering - Copying 0 resource from src\main\resources to target\classes
2024-05-07 19:24:11,033 [Worker-7: Building] INFO  o.a.m.s.f.DefaultMavenResourcesFiltering - Copying 0 resource from src\main\resources to target\classes
2024-05-07 19:24:11,037 [Worker-7: Building] INFO  o.a.m.s.f.DefaultMavenResourcesFiltering - skip non existing resourceDirectory D:\onlin-library-system\OLS-backend\NotificationService\src\test\resources
2024-05-07 19:24:37,784 [Worker-7: Building] INFO  o.a.m.s.f.DefaultMavenResourcesFiltering - Copying 0 resource from src\main\resources to target\classes
2024-05-07 19:24:37,784 [Worker-7: Building] INFO  o.a.m.s.f.DefaultMavenResourcesFiltering - Copying 0 resource from src\main\resources to target\classes
2024-05-07 19:24:37,784 [Worker-7: Building] INFO  o.a.m.s.f.DefaultMavenResourcesFiltering - skip non existing resourceDirectory D:\onlin-library-system\OLS-backend\NotificationService\src\test\resources
2024-05-07 19:43:04,287 [Worker-13: Building] INFO  o.a.m.s.f.DefaultMavenResourcesFiltering - Copying 0 resource from src\main\resources to target\classes
2024-05-07 19:43:04,303 [Worker-13: Building] INFO  o.a.m.s.f.DefaultMavenResourcesFiltering - Copying 0 resource from src\main\resources to target\classes
2024-05-07 19:43:04,313 [Worker-13: Building] INFO  o.a.m.s.f.DefaultMavenResourcesFiltering - skip non existing resourceDirectory D:\onlin-library-system\OLS-backend\NotificationService\src\test\resources
2024-05-07 19:43:06,461 [Worker-8: Building] INFO  o.a.m.s.f.DefaultMavenResourcesFiltering - Copying 1 resource from src\main\resources to target\classes
2024-05-07 19:43:06,472 [Worker-8: Building] INFO  o.a.m.s.f.DefaultMavenResourcesFiltering - Copying 0 resource from src\main\resources to target\classes
2024-05-07 19:43:06,487 [Worker-8: Building] INFO  o.a.m.s.f.DefaultMavenResourcesFiltering - skip non existing resourceDirectory D:\onlin-library-system\OLS-backend\NotificationService\src\test\resources
